Сборка начата 16.05.2017 0:15:42.
     1>Проект "C:\c++_дз\projects\С++_дз\2 курс\2 semestr\лабораторні\barcode_wp\barcode_wp\barcode_wp.vcxproj" в узле 2 (целевые объекты Build).
     1>ClCompile:
         C:\Program Files (x86)\Microsoft Visual Studio 12.0\VC\bin\CL.exe /c /IC:\Ceemple\OpenCV4VS\include /I"C:\c++_дз\projects\С++_дз\2 курс\2 semestr\лабораторні\barcode_wp\barcode_wp\\" /I"Generated Files\\" /IDebug\ /Zi /ZW /ZW:nostdlib /nologo /W3 /WX- /sdl /MP /Od /Oy- /D PSAPI_VERSION=2 /D WINAPI_FAMILY=WINAPI_FAMILY_PHONE_APP /D _UITHREADCTXT_SUPPORT=0 /D _UNICODE /D UNICODE /D _DEBUG /Gm- /EHsc /RTC1 /MDd /GS /fp:precise /Zc:wchar_t /Zc:forScope /Yu"pch.h" /Fp"Debug\barcode_wp.pch" /Fo"Debug\\" /Fd"Debug\vc120.pdb" /Gd /TP /wd4453 /wd28204 /FU"C:\Program Files (x86)\Microsoft SDKs\WindowsPhoneApp\v8.1\ExtensionSDKs\Microsoft.VCLibs\12.0\References\CommonConfiguration\neutral\platform.winmd" /FU"C:\Program Files (x86)\Windows Phone Kits\8.1\\References\CommonConfiguration\Neutral\Windows.winmd" /FU"C:\Program Files (x86)\Windows Phone Kits\8.1\\References\CommonConfiguration\Neutral\Windows.winmd" /analyze- /errorReport:prompt /bigobj MainPage.xaml.cpp
         MainPage.xaml.cpp
       CreateWinMD:
         C:\Program Files (x86)\Microsoft Visual Studio 12.0\VC\bin\link.exe /ERRORREPORT:PROMPT /OUT:"C:\c++_дз\projects\С++_дз\2 курс\2 semestr\лабораторні\barcode_wp\Debug\barcode_wp\barcode_wp.exe" /INCREMENTAL /NOLOGO /LIBPATH:C:\Ceemple\OpenCV4VS\lib WindowsPhoneCore.lib RuntimeObject.lib PhoneAppModelHost.lib /NODEFAULTLIB:kernel32.lib /NODEFAULTLIB:ole32.lib /MANIFEST:NO /DEBUG /PDB:"C:\c++_дз\projects\С++_дз\2 курс\2 semestr\лабораторні\barcode_wp\Debug\barcode_wp\barcode_wp.pdb" /SUBSYSTEM:WINDOWS /TLBID:1 /APPCONTAINER /WINMD:ONLY /WINMDFILE:"C:\c++_дз\projects\С++_дз\2 курс\2 semestr\лабораторні\barcode_wp\Debug\barcode_wp\barcode_wp.winmd" /DYNAMICBASE /NXCOMPAT /MACHINE:X86 Debug\App.xaml.obj
         Debug\MainPage.xaml.obj
         Debug\pch.obj
         Debug\XamlTypeInfo.Impl.g.obj
       Link:
         C:\Program Files (x86)\Microsoft Visual Studio 12.0\VC\bin\link.exe /ERRORREPORT:PROMPT /OUT:"C:\c++_дз\projects\С++_дз\2 курс\2 semestr\лабораторні\barcode_wp\Debug\barcode_wp\barcode_wp.exe" /INCREMENTAL /NOLOGO /LIBPATH:C:\Ceemple\OpenCV4VS\lib WindowsPhoneCore.lib RuntimeObject.lib PhoneAppModelHost.lib /NODEFAULTLIB:kernel32.lib /NODEFAULTLIB:ole32.lib /MANIFEST:NO /DEBUG /PDB:"C:\c++_дз\projects\С++_дз\2 курс\2 semestr\лабораторні\barcode_wp\Debug\barcode_wp\barcode_wp.pdb" /SUBSYSTEM:WINDOWS /TLBID:1 /APPCONTAINER /WINMD:NO /WINMDFILE:"C:\c++_дз\projects\С++_дз\2 курс\2 semestr\лабораторні\barcode_wp\Debug\barcode_wp\barcode_wp.winmd" /DYNAMICBASE /NXCOMPAT /MACHINE:X86 Debug\App.xaml.obj
         Debug\MainPage.xaml.obj
         Debug\pch.obj
         Debug\XamlTypeInfo.Impl.g.obj
         Debug\XamlTypeInfo.g.obj
            ╤ετΣασ≥±  ßΦßδΦε≥σΩα C:\c++_Στ\projects\╤++_Στ\2 Ω≤≡±\2 semestr\δαßε≡α≥ε≡φ│\barcode_wp\Debug\barcode_wp\barcode_wp.lib Φ εß·σΩ≥ C:\c++_Στ\projects\╤++_Στ\2 Ω≤≡±\2 semestr\δαßε≡α≥ε≡φ│\barcode_wp\Debug\barcode_wp\barcode_wp.exp
     1>MainPage.xaml.obj : error LNK2019: ±±√δΩα φα φσ≡ατ≡σ°σφφ√Θ Γφσ°φΦΘ ±Φ∞Γεδ "void __cdecl cv::fastFree(void *)" (?fastFree@cv@@YAXPAX@Z) Γ ⌠≤φΩ÷ΦΦ "public: __thiscall cv::Mat::~Mat(void)" (??1Mat@cv@@QAE@XZ)
     1>MainPage.xaml.obj : error LNK2001: φσ≡ατ≡σ°σφφ√Θ Γφσ°φΦΘ ±Φ∞Γεδ ""public: virtual class cv::Mat __thiscall cv::_InputArray::getMat(int)const " (?getMat@_InputArray@cv@@UBE?AVMat@2@H@Z)"
     1>MainPage.xaml.obj : error LNK2001: φσ≡ατ≡σ°σφφ√Θ Γφσ°φΦΘ ±Φ∞Γεδ ""public: virtual class cv::UMat __thiscall cv::_InputArray::getUMat(int)const " (?getUMat@_InputArray@cv@@UBE?AVUMat@2@H@Z)"
     1>MainPage.xaml.obj : error LNK2001: φσ≡ατ≡σ°σφφ√Θ Γφσ°φΦΘ ±Φ∞Γεδ ""public: virtual void __thiscall cv::_InputArray::getMatVector(class std::vector<class cv::Mat,class std::allocator<class cv::Mat> > &)const " (?getMatVector@_InputArray@cv@@UBEXAAV?$vector@VMat@cv@@V?$allocator@VMat@cv@@@std@@@std@@@Z)"
     1>MainPage.xaml.obj : error LNK2001: φσ≡ατ≡σ°σφφ√Θ Γφσ°φΦΘ ±Φ∞Γεδ ""public: virtual void __thiscall cv::_InputArray::getUMatVector(class std::vector<class cv::UMat,class std::allocator<class cv::UMat> > &)const " (?getUMatVector@_InputArray@cv@@UBEXAAV?$vector@VUMat@cv@@V?$allocator@VUMat@cv@@@std@@@std@@@Z)"
     1>MainPage.xaml.obj : error LNK2001: φσ≡ατ≡σ°σφφ√Θ Γφσ°φΦΘ ±Φ∞Γεδ ""public: virtual class cv::cuda::GpuMat __thiscall cv::_InputArray::getGpuMat(void)const " (?getGpuMat@_InputArray@cv@@UBE?AVGpuMat@cuda@2@XZ)"
     1>MainPage.xaml.obj : error LNK2001: φσ≡ατ≡σ°σφφ√Θ Γφσ°φΦΘ ±Φ∞Γεδ ""public: virtual class cv::ogl::Buffer __thiscall cv::_InputArray::getOGlBuffer(void)const " (?getOGlBuffer@_InputArray@cv@@UBE?AVBuffer@ogl@2@XZ)"
     1>MainPage.xaml.obj : error LNK2001: φσ≡ατ≡σ°σφφ√Θ Γφσ°φΦΘ ±Φ∞Γεδ ""public: virtual int __thiscall cv::_InputArray::kind(void)const " (?kind@_InputArray@cv@@UBEHXZ)"
     1>MainPage.xaml.obj : error LNK2001: φσ≡ατ≡σ°σφφ√Θ Γφσ°φΦΘ ±Φ∞Γεδ ""public: virtual int __thiscall cv::_InputArray::dims(int)const " (?dims@_InputArray@cv@@UBEHH@Z)"
     1>MainPage.xaml.obj : error LNK2001: φσ≡ατ≡σ°σφφ√Θ Γφσ°φΦΘ ±Φ∞Γεδ ""public: virtual int __thiscall cv::_InputArray::cols(int)const " (?cols@_InputArray@cv@@UBEHH@Z)"
     1>MainPage.xaml.obj : error LNK2001: φσ≡ατ≡σ°σφφ√Θ Γφσ°φΦΘ ±Φ∞Γεδ ""public: virtual int __thiscall cv::_InputArray::rows(int)const " (?rows@_InputArray@cv@@UBEHH@Z)"
     1>MainPage.xaml.obj : error LNK2001: φσ≡ατ≡σ°σφφ√Θ Γφσ°φΦΘ ±Φ∞Γεδ ""public: virtual class cv::Size_<int> __thiscall cv::_InputArray::size(int)const " (?size@_InputArray@cv@@UBE?AV?$Size_@H@2@H@Z)"
     1>MainPage.xaml.obj : error LNK2001: φσ≡ατ≡σ°σφφ√Θ Γφσ°φΦΘ ±Φ∞Γεδ ""public: virtual int __thiscall cv::_InputArray::sizend(int *,int)const " (?sizend@_InputArray@cv@@UBEHPAHH@Z)"
     1>MainPage.xaml.obj : error LNK2001: φσ≡ατ≡σ°σφφ√Θ Γφσ°φΦΘ ±Φ∞Γεδ ""public: virtual bool __thiscall cv::_InputArray::sameSize(class cv::_InputArray const &)const " (?sameSize@_InputArray@cv@@UBE_NABV12@@Z)"
     1>MainPage.xaml.obj : error LNK2001: φσ≡ατ≡σ°σφφ√Θ Γφσ°φΦΘ ±Φ∞Γεδ ""public: virtual unsigned int __thiscall cv::_InputArray::total(int)const " (?total@_InputArray@cv@@UBEIH@Z)"
     1>MainPage.xaml.obj : error LNK2001: φσ≡ατ≡σ°σφφ√Θ Γφσ°φΦΘ ±Φ∞Γεδ ""public: virtual int __thiscall cv::_InputArray::type(int)const " (?type@_InputArray@cv@@UBEHH@Z)"
     1>MainPage.xaml.obj : error LNK2001: φσ≡ατ≡σ°σφφ√Θ Γφσ°φΦΘ ±Φ∞Γεδ ""public: virtual int __thiscall cv::_InputArray::depth(int)const " (?depth@_InputArray@cv@@UBEHH@Z)"
     1>MainPage.xaml.obj : error LNK2001: φσ≡ατ≡σ°σφφ√Θ Γφσ°φΦΘ ±Φ∞Γεδ ""public: virtual int __thiscall cv::_InputArray::channels(int)const " (?channels@_InputArray@cv@@UBEHH@Z)"
     1>MainPage.xaml.obj : error LNK2001: φσ≡ατ≡σ°σφφ√Θ Γφσ°φΦΘ ±Φ∞Γεδ ""public: virtual bool __thiscall cv::_InputArray::isContinuous(int)const " (?isContinuous@_InputArray@cv@@UBE_NH@Z)"
     1>MainPage.xaml.obj : error LNK2001: φσ≡ατ≡σ°σφφ√Θ Γφσ°φΦΘ ±Φ∞Γεδ ""public: virtual bool __thiscall cv::_InputArray::isSubmatrix(int)const " (?isSubmatrix@_InputArray@cv@@UBE_NH@Z)"
     1>MainPage.xaml.obj : error LNK2001: φσ≡ατ≡σ°σφφ√Θ Γφσ°φΦΘ ±Φ∞Γεδ ""public: virtual bool __thiscall cv::_InputArray::empty(void)const " (?empty@_InputArray@cv@@UBE_NXZ)"
     1>MainPage.xaml.obj : error LNK2001: φσ≡ατ≡σ°σφφ√Θ Γφσ°φΦΘ ±Φ∞Γεδ ""public: virtual void __thiscall cv::_InputArray::copyTo(class cv::_OutputArray const &)const " (?copyTo@_InputArray@cv@@UBEXABV_OutputArray@2@@Z)"
     1>MainPage.xaml.obj : error LNK2001: φσ≡ατ≡σ°σφφ√Θ Γφσ°φΦΘ ±Φ∞Γεδ ""public: virtual void __thiscall cv::_InputArray::copyTo(class cv::_OutputArray const &,class cv::_InputArray const &)const " (?copyTo@_InputArray@cv@@UBEXABV_OutputArray@2@ABV12@@Z)"
     1>MainPage.xaml.obj : error LNK2001: φσ≡ατ≡σ°σφφ√Θ Γφσ°φΦΘ ±Φ∞Γεδ ""public: virtual unsigned int __thiscall cv::_InputArray::offset(int)const " (?offset@_InputArray@cv@@UBEIH@Z)"
     1>MainPage.xaml.obj : error LNK2001: φσ≡ατ≡σ°σφφ√Θ Γφσ°φΦΘ ±Φ∞Γεδ ""public: virtual unsigned int __thiscall cv::_InputArray::step(int)const " (?step@_InputArray@cv@@UBEIH@Z)"
     1>MainPage.xaml.obj : error LNK2001: φσ≡ατ≡σ°σφφ√Θ Γφσ°φΦΘ ±Φ∞Γεδ ""public: virtual bool __thiscall cv::_OutputArray::fixedSize(void)const " (?fixedSize@_OutputArray@cv@@UBE_NXZ)"
     1>MainPage.xaml.obj : error LNK2001: φσ≡ατ≡σ°σφφ√Θ Γφσ°φΦΘ ±Φ∞Γεδ ""public: virtual bool __thiscall cv::_OutputArray::fixedType(void)const " (?fixedType@_OutputArray@cv@@UBE_NXZ)"
     1>MainPage.xaml.obj : error LNK2001: φσ≡ατ≡σ°σφφ√Θ Γφσ°φΦΘ ±Φ∞Γεδ ""public: virtual bool __thiscall cv::_OutputArray::needed(void)const " (?needed@_OutputArray@cv@@UBE_NXZ)"
     1>MainPage.xaml.obj : error LNK2001: φσ≡ατ≡σ°σφφ√Θ Γφσ°φΦΘ ±Φ∞Γεδ ""public: virtual class cv::Mat & __thiscall cv::_OutputArray::getMatRef(int)const " (?getMatRef@_OutputArray@cv@@UBEAAVMat@2@H@Z)"
     1>MainPage.xaml.obj : error LNK2001: φσ≡ατ≡σ°σφφ√Θ Γφσ°φΦΘ ±Φ∞Γεδ ""public: virtual class cv::UMat & __thiscall cv::_OutputArray::getUMatRef(int)const " (?getUMatRef@_OutputArray@cv@@UBEAAVUMat@2@H@Z)"
     1>MainPage.xaml.obj : error LNK2001: φσ≡ατ≡σ°σφφ√Θ Γφσ°φΦΘ ±Φ∞Γεδ ""public: virtual class cv::cuda::GpuMat & __thiscall cv::_OutputArray::getGpuMatRef(void)const " (?getGpuMatRef@_OutputArray@cv@@UBEAAVGpuMat@cuda@2@XZ)"
     1>MainPage.xaml.obj : error LNK2001: φσ≡ατ≡σ°σφφ√Θ Γφσ°φΦΘ ±Φ∞Γεδ ""public: virtual class cv::ogl::Buffer & __thiscall cv::_OutputArray::getOGlBufferRef(void)const " (?getOGlBufferRef@_OutputArray@cv@@UBEAAVBuffer@ogl@2@XZ)"
     1>MainPage.xaml.obj : error LNK2001: φσ≡ατ≡σ°σφφ√Θ Γφσ°φΦΘ ±Φ∞Γεδ ""public: virtual class cv::cuda::HostMem & __thiscall cv::_OutputArray::getHostMemRef(void)const " (?getHostMemRef@_OutputArray@cv@@UBEAAVHostMem@cuda@2@XZ)"
     1>MainPage.xaml.obj : error LNK2001: φσ≡ατ≡σ°σφφ√Θ Γφσ°φΦΘ ±Φ∞Γεδ ""public: virtual void __thiscall cv::_OutputArray::create(class cv::Size_<int>,int,int,bool,int)const " (?create@_OutputArray@cv@@UBEXV?$Size_@H@2@HH_NH@Z)"
     1>MainPage.xaml.obj : error LNK2001: φσ≡ατ≡σ°σφφ√Θ Γφσ°φΦΘ ±Φ∞Γεδ ""public: virtual void __thiscall cv::_OutputArray::create(int,int,int,int,bool,int)const " (?create@_OutputArray@cv@@UBEXHHHH_NH@Z)"
     1>MainPage.xaml.obj : error LNK2001: φσ≡ατ≡σ°σφφ√Θ Γφσ°φΦΘ ±Φ∞Γεδ ""public: virtual void __thiscall cv::_OutputArray::create(int,int const *,int,int,bool,int)const " (?create@_OutputArray@cv@@UBEXHPBHHH_NH@Z)"
     1>MainPage.xaml.obj : error LNK2001: φσ≡ατ≡σ°σφφ√Θ Γφσ°φΦΘ ±Φ∞Γεδ ""public: virtual void __thiscall cv::_OutputArray::createSameSize(class cv::_InputArray const &,int)const " (?createSameSize@_OutputArray@cv@@UBEXABV_InputArray@2@H@Z)"
     1>MainPage.xaml.obj : error LNK2001: φσ≡ατ≡σ°σφφ√Θ Γφσ°φΦΘ ±Φ∞Γεδ ""public: virtual void __thiscall cv::_OutputArray::release(void)const " (?release@_OutputArray@cv@@UBEXXZ)"
     1>MainPage.xaml.obj : error LNK2001: φσ≡ατ≡σ°σφφ√Θ Γφσ°φΦΘ ±Φ∞Γεδ ""public: virtual void __thiscall cv::_OutputArray::clear(void)const " (?clear@_OutputArray@cv@@UBEXXZ)"
     1>MainPage.xaml.obj : error LNK2001: φσ≡ατ≡σ°σφφ√Θ Γφσ°φΦΘ ±Φ∞Γεδ ""public: virtual void __thiscall cv::_OutputArray::setTo(class cv::_InputArray const &,class cv::_InputArray const &)const " (?setTo@_OutputArray@cv@@UBEXABV_InputArray@2@0@Z)"
     1>MainPage.xaml.obj : error LNK2019: ±±√δΩα φα φσ≡ατ≡σ°σφφ√Θ Γφσ°φΦΘ ±Φ∞Γεδ "class cv::_InputOutputArray const & __cdecl cv::noArray(void)" (?noArray@cv@@YAABV_InputOutputArray@1@XZ) Γ ⌠≤φΩ÷ΦΦ "void __cdecl redact_img(class cv::Mat,bool)" (?redact_img@@YAXVMat@cv@@_N@Z)
     1>MainPage.xaml.obj : error LNK2019: ±±√δΩα φα φσ≡ατ≡σ°σφφ√Θ Γφσ°φΦΘ ±Φ∞Γεδ "public: void __thiscall cv::Mat::deallocate(void)" (?deallocate@Mat@cv@@QAEXXZ) Γ ⌠≤φΩ÷ΦΦ "public: void __thiscall cv::Mat::release(void)" (?release@Mat@cv@@QAEXXZ)
     1>MainPage.xaml.obj : error LNK2019: ±±√δΩα φα φσ≡ατ≡σ°σφφ√Θ Γφσ°φΦΘ ±Φ∞Γεδ "class cv::MatExpr __cdecl cv::abs(class cv::Mat const &)" (?abs@cv@@YA?AVMatExpr@1@ABVMat@1@@Z) Γ ⌠≤φΩ÷ΦΦ "void __cdecl redact_img(class cv::Mat,bool)" (?redact_img@@YAXVMat@cv@@_N@Z)
     1>MainPage.xaml.obj : error LNK2019: ±±√δΩα φα φσ≡ατ≡σ°σφφ√Θ Γφσ°φΦΘ ±Φ∞Γεδ "void __cdecl cv::subtract(class cv::_InputArray const &,class cv::_InputArray const &,class cv::_OutputArray const &,class cv::_InputArray const &,int)" (?subtract@cv@@YAXABV_InputArray@1@0ABV_OutputArray@1@0H@Z) Γ ⌠≤φΩ÷ΦΦ "void __cdecl redact_img(class cv::Mat,bool)" (?redact_img@@YAXVMat@cv@@_N@Z)
     1>MainPage.xaml.obj : error LNK2019: ±±√δΩα φα φσ≡ατ≡σ°σφφ√Θ Γφσ°φΦΘ ±Φ∞Γεδ "void __cdecl cv::convertScaleAbs(class cv::_InputArray const &,class cv::_OutputArray const &,double,double)" (?convertScaleAbs@cv@@YAXABV_InputArray@1@ABV_OutputArray@1@NN@Z) Γ ⌠≤φΩ÷ΦΦ "void __cdecl redact_img(class cv::Mat,bool)" (?redact_img@@YAXVMat@cv@@_N@Z)
     1>MainPage.xaml.obj : error LNK2019: ±±√δΩα φα φσ≡ατ≡σ°σφφ√Θ Γφσ°φΦΘ ±Φ∞Γεδ "void __cdecl cv::GaussianBlur(class cv::_InputArray const &,class cv::_OutputArray const &,class cv::Size_<int>,double,double,int)" (?GaussianBlur@cv@@YAXABV_InputArray@1@ABV_OutputArray@1@V?$Size_@H@1@NNH@Z) Γ ⌠≤φΩ÷ΦΦ "void __cdecl redact_img(class cv::Mat,bool)" (?redact_img@@YAXVMat@cv@@_N@Z)
     1>MainPage.xaml.obj : error LNK2019: ±±√δΩα φα φσ≡ατ≡σ°σφφ√Θ Γφσ°φΦΘ ±Φ∞Γεδ "void __cdecl cv::Sobel(class cv::_InputArray const &,class cv::_OutputArray const &,int,int,int,int,double,double,int)" (?Sobel@cv@@YAXABV_InputArray@1@ABV_OutputArray@1@HHHHNNH@Z) Γ ⌠≤φΩ÷ΦΦ "void __cdecl redact_img(class cv::Mat,bool)" (?redact_img@@YAXVMat@cv@@_N@Z)
     1>MainPage.xaml.obj : error LNK2019: ±±√δΩα φα φσ≡ατ≡σ°σφφ√Θ Γφσ°φΦΘ ±Φ∞Γεδ "double __cdecl cv::threshold(class cv::_InputArray const &,class cv::_OutputArray const &,double,double,int)" (?threshold@cv@@YANABV_InputArray@1@ABV_OutputArray@1@NNH@Z) Γ ⌠≤φΩ÷ΦΦ "void __cdecl redact_img(class cv::Mat,bool)" (?redact_img@@YAXVMat@cv@@_N@Z)
     1>MainPage.xaml.obj : error LNK2019: ±±√δΩα φα φσ≡ατ≡σ°σφφ√Θ Γφσ°φΦΘ ±Φ∞Γεδ "void __cdecl cv::cvtColor(class cv::_InputArray const &,class cv::_OutputArray const &,int,int)" (?cvtColor@cv@@YAXABV_InputArray@1@ABV_OutputArray@1@HH@Z) Γ ⌠≤φΩ÷ΦΦ "void __cdecl redact_img(class cv::Mat,bool)" (?redact_img@@YAXVMat@cv@@_N@Z)
     1>C:\c++_Στ\projects\╤++_Στ\2 Ω≤≡±\2 semestr\δαßε≡α≥ε≡φ│\barcode_wp\Debug\barcode_wp\barcode_wp.exe : fatal error LNK1120: φσ≡ατ≡σ°σφφ√⌡ Γφσ°φΦ⌡ ²δσ∞σφ≥εΓ: 49
     1>Сборка проекта "C:\c++_дз\projects\С++_дз\2 курс\2 semestr\лабораторні\barcode_wp\barcode_wp\barcode_wp.vcxproj" завершена (целевые объекты Build) с ошибкой.

Ошибка сборки.

Затраченное время: 00:00:01.67
